<?xml version="1.0" encoding="UTF-8"?>
<testsuite xmlns:xsi="http://www.w3.org/2001/XMLSchema-instance" xsi:noNamespaceSchemaLocation="https://maven.apache.org/surefire/maven-surefire-plugin/xsd/surefire-test-report.xsd" version="3.0.2" name="br.com.ramiralvesmelo.util.email.EmailUtilTest" time="0.36" tests="35" errors="0" skipped="0" failures="0">
  <properties>
[...]
</properties>
  <testcase name="invalidLocalEndsWithInvalidChar" classname="br.com.ramiralvesmelo.util.email.EmailUtilTest" time="0.126">
    <system-out><![CDATA[15:53:25.794 [main] WARN br.com.ramiralvesmelo.util.email.EmailUtil -- Local-part começa ou termina com caractere inválido: user.
]]></system-out>
  </testcase>
  <testcase name="idn_allowed" classname="br.com.ramiralvesmelo.util.email.EmailUtilTest" time="0.035"/>
  <testcase name="invalidLocalTooLong" classname="br.com.ramiralvesmelo.util.email.EmailUtilTest" time="0.001">
    <system-out><![CDATA[15:53:25.866 [main] WARN br.com.ramiralvesmelo.util.email.EmailUtil -- E-mail inválido, tamanho incorreto: aaaaaaaaaaaaaaaaaaaaaaaaaaaaaaaaaaaaaaaaaaaaaaaaaaaaaaaaaaaaaaaaa@example.com
]]></system-out>
  </testcase>
  <testcase name="invalidLocalStartsWithInvalidChar" classname="br.com.ramiralvesmelo.util.email.EmailUtilTest" time="0.001">
    <system-out><![CDATA[15:53:25.867 [main] WARN br.com.ramiralvesmelo.util.email.EmailUtil -- Local-part começa ou termina com caractere inválido: .user
]]></system-out>
  </testcase>
  <testcase name="invalidIdnDomainConversion" classname="br.com.ramiralvesmelo.util.email.EmailUtilTest" time="0.006">
    <system-out><![CDATA[15:53:25.869 [main] ERROR br.com.ramiralvesmelo.util.email.EmailUtil -- Erro ao converter domínio IDN: ?.com
java.lang.IllegalArgumentException: java.text.ParseException: A prohibited code point was found in the input?
	at java.base/java.net.IDN.toASCIIInternal(IDN.java:292)
	at java.base/java.net.IDN.toASCII(IDN.java:138)
	at java.base/java.net.IDN.toASCII(IDN.java:169)
	at br.com.ramiralvesmelo.util.email.EmailUtil.validateCustomerEmail(EmailUtil.java:66)
	at br.com.ramiralvesmelo.util.email.EmailUtilTest.invalidIdnDomainConversion(EmailUtilTest.java:85)
	at java.base/jdk.internal.reflect.DirectMethodHandleAccessor.invoke(DirectMethodHandleAccessor.java:103)
	at java.base/java.lang.reflect.Method.invoke(Method.java:580)
	at org.junit.platform.commons.util.ReflectionUtils.invokeMethod(ReflectionUtils.java:775)
	at org.junit.platform.commons.support.ReflectionSupport.invokeMethod(ReflectionSupport.java:479)
	at org.junit.jupiter.engine.execution.MethodInvocation.proceed(MethodInvocation.java:60)
	at org.junit.jupiter.engine.execution.InvocationInterceptorChain$ValidatingInvocation.proceed(InvocationInterceptorChain.java:131)
	at org.junit.jupiter.engine.extension.TimeoutExtension.intercept(TimeoutExtension.java:161)
	at org.junit.jupiter.engine.extension.TimeoutExtension.interceptTestableMethod(TimeoutExtension.java:152)
	at org.junit.jupiter.engine.extension.TimeoutExtension.interceptTestMethod(TimeoutExtension.java:91)
	at org.junit.jupiter.engine.execution.InterceptingExecutableInvoker$ReflectiveInterceptorCall.lambda$ofVoidMethod$0(InterceptingExecutableInvoker.java:112)
	at org.junit.jupiter.engine.execution.InterceptingExecutableInvoker.lambda$invoke$0(InterceptingExecutableInvoker.java:94)
	at org.junit.jupiter.engine.execution.InvocationInterceptorChain$InterceptedInvocation.proceed(InvocationInterceptorChain.java:106)
	at org.junit.jupiter.engine.execution.InvocationInterceptorChain.proceed(InvocationInterceptorChain.java:64)
	at org.junit.jupiter.engine.execution.InvocationInterceptorChain.chainAndInvoke(InvocationInterceptorChain.java:45)
	at org.junit.jupiter.engine.execution.InvocationInterceptorChain.invoke(InvocationInterceptorChain.java:37)
	at org.junit.jupiter.engine.execution.InterceptingExecutableInvoker.invoke(InterceptingExecutableInvoker.java:93)
	at org.junit.jupiter.engine.execution.InterceptingExecutableInvoker.invoke(InterceptingExecutableInvoker.java:87)
	at org.junit.jupiter.engine.descriptor.TestMethodTestDescriptor.lambda$invokeTestMethod$7(TestMethodTestDescriptor.java:216)
	at org.junit.platform.engine.support.hierarchical.ThrowableCollector.execute(ThrowableCollector.java:73)
	at org.junit.jupiter.engine.descriptor.TestMethodTestDescriptor.invokeTestMethod(TestMethodTestDescriptor.java:212)
	at org.junit.jupiter.engine.descriptor.TestMethodTestDescriptor.execute(TestMethodTestDescriptor.java:137)
	at org.junit.jupiter.engine.descriptor.TestMethodTestDescriptor.execute(TestMethodTestDescriptor.java:69)
	at org.junit.platform.engine.support.hierarchical.NodeTestTask.lambda$executeRecursively$6(NodeTestTask.java:156)
	at org.junit.platform.engine.support.hierarchical.ThrowableCollector.execute(ThrowableCollector.java:73)
	at org.junit.platform.engine.support.hierarchical.NodeTestTask.lambda$executeRecursively$8(NodeTestTask.java:146)
	at org.junit.platform.engine.support.hierarchical.Node.around(Node.java:137)
	at org.junit.platform.engine.support.hierarchical.NodeTestTask.lambda$executeRecursively$9(NodeTestTask.java:144)
	at org.junit.platform.engine.support.hierarchical.ThrowableCollector.execute(ThrowableCollector.java:73)
	at org.junit.platform.engine.support.hierarchical.NodeTestTask.executeRecursively(NodeTestTask.java:143)
	at org.junit.platform.engine.support.hierarchical.NodeTestTask.execute(NodeTestTask.java:100)
	at java.base/java.util.ArrayList.forEach(ArrayList.java:1596)
	at org.junit.platform.engine.support.hierarchical.SameThreadHierarchicalTestExecutorService.invokeAll(SameThreadHierarchicalTestExecutorService.java:41)
	at org.junit.platform.engine.support.hierarchical.NodeTestTask.lambda$executeRecursively$6(NodeTestTask.java:160)
	at org.junit.platform.engine.support.hierarchical.ThrowableCollector.execute(ThrowableCollector.java:73)
	at org.junit.platform.engine.support.hierarchical.NodeTestTask.lambda$executeRecursively$8(NodeTestTask.java:146)
	at org.junit.platform.engine.support.hierarchical.Node.around(Node.java:137)
	at org.junit.platform.engine.support.hierarchical.NodeTestTask.lambda$executeRecursively$9(NodeTestTask.java:144)
	at org.junit.platform.engine.support.hierarchical.ThrowableCollector.execute(ThrowableCollector.java:73)
	at org.junit.platform.engine.support.hierarchical.NodeTestTask.executeRecursively(NodeTestTask.java:143)
	at org.junit.platform.engine.support.hierarchical.NodeTestTask.execute(NodeTestTask.java:100)
	at java.base/java.util.ArrayList.forEach(ArrayList.java:1596)
	at org.junit.platform.engine.support.hierarchical.SameThreadHierarchicalTestExecutorService.invokeAll(SameThreadHierarchicalTestExecutorService.java:41)
	at org.junit.platform.engine.support.hierarchical.NodeTestTask.lambda$executeRecursively$6(NodeTestTask.java:160)
	at org.junit.platform.engine.support.hierarchical.ThrowableCollector.execute(ThrowableCollector.java:73)
	at org.junit.platform.engine.support.hierarchical.NodeTestTask.lambda$executeRecursively$8(NodeTestTask.java:146)
	at org.junit.platform.engine.support.hierarchical.Node.around(Node.java:137)
	at org.junit.platform.engine.support.hierarchical.NodeTestTask.lambda$executeRecursively$9(NodeTestTask.java:144)
	at org.junit.platform.engine.support.hierarchical.ThrowableCollector.execute(ThrowableCollector.java:73)
	at org.junit.platform.engine.support.hierarchical.NodeTestTask.executeRecursively(NodeTestTask.java:143)
	at org.junit.platform.engine.support.hierarchical.NodeTestTask.execute(NodeTestTask.java:100)
	at org.junit.platform.engine.support.hierarchical.SameThreadHierarchicalTestExecutorService.submit(SameThreadHierarchicalTestExecutorService.java:35)
	at org.junit.platform.engine.support.hierarchical.HierarchicalTestExecutor.execute(HierarchicalTestExecutor.java:57)
	at org.junit.platform.engine.support.hierarchical.HierarchicalTestEngine.execute(HierarchicalTestEngine.java:54)
	at org.junit.platform.launcher.core.EngineExecutionOrchestrator.execute(EngineExecutionOrchestrator.java:201)
	at org.junit.platform.launcher.core.EngineExecutionOrchestrator.execute(EngineExecutionOrchestrator.java:170)
	at org.junit.platform.launcher.core.EngineExecutionOrchestrator.execute(EngineExecutionOrchestrator.java:94)
	at org.junit.platform.launcher.core.EngineExecutionOrchestrator.lambda$execute$0(EngineExecutionOrchestrator.java:59)
	at org.junit.platform.launcher.core.EngineExecutionOrchestrator.withInterceptedStreams(EngineExecutionOrchestrator.java:142)
	at org.junit.platform.launcher.core.EngineExecutionOrchestrator.execute(EngineExecutionOrchestrator.java:58)
	at org.junit.platform.launcher.core.DefaultLauncher.execute(DefaultLauncher.java:103)
	at org.junit.platform.launcher.core.DefaultLauncher.execute(DefaultLauncher.java:85)
	at org.junit.platform.launcher.core.DelegatingLauncher.execute(DelegatingLauncher.java:47)
	at org.junit.platform.launcher.core.InterceptingLauncher.lambda$execute$1(InterceptingLauncher.java:39)
	at org.junit.platform.launcher.core.ClasspathAlignmentCheckingLauncherInterceptor.intercept(ClasspathAlignmentCheckingLauncherInterceptor.java:25)
	at org.junit.platform.launcher.core.InterceptingLauncher.execute(InterceptingLauncher.java:38)
	at org.junit.platform.launcher.core.DelegatingLauncher.execute(DelegatingLauncher.java:47)
	at org.apache.maven.surefire.junitplatform.LazyLauncher.execute(LazyLauncher.java:56)
	at org.apache.maven.surefire.junitplatform.JUnitPlatformProvider.execute(JUnitPlatformProvider.java:194)
	at org.apache.maven.surefire.junitplatform.JUnitPlatformProvider.invokeAllTests(JUnitPlatformProvider.java:150)
	at org.apache.maven.surefire.junitplatform.JUnitPlatformProvider.invoke(JUnitPlatformProvider.java:124)
	at org.apache.maven.surefire.booter.ForkedBooter.runSuitesInProcess(ForkedBooter.java:385)
	at org.apache.maven.surefire.booter.ForkedBooter.execute(ForkedBooter.java:162)
	at org.apache.maven.surefire.booter.ForkedBooter.run(ForkedBooter.java:507)
	at org.apache.maven.surefire.booter.ForkedBooter.main(ForkedBooter.java:495)
Caused by: java.text.ParseException: A prohibited code point was found in the input?
	at java.base/jdk.internal.icu.text.StringPrep.prepare(StringPrep.java:448)
	at java.base/java.net.IDN.toASCIIInternal(IDN.java:290)
	... 78 common frames omitted
]]></system-out>
  </testcase>
  <testcase name="idn_not_allowed" classname="br.com.ramiralvesmelo.util.email.EmailUtilTest" time="0.001">
    <system-out><![CDATA[15:53:25.876 [main] WARN br.com.ramiralvesmelo.util.email.EmailUtil -- Label contém caracteres inválidos: bücher
]]></system-out>
  </testcase>
  <testcase name="invalidLabelTooLong" classname="br.com.ramiralvesmelo.util.email.EmailUtilTest" time="0.0">
    <system-out><![CDATA[15:53:25.878 [main] WARN br.com.ramiralvesmelo.util.email.EmailUtil -- Label inválida: aaaaaaaaaaaaaaaaaaaaaaaaaaaaaaaaaaaaaaaaaaaaaaaaaaaaaaaaaaaaaaaa
]]></system-out>
  </testcase>
  <testcase name="local_too_long" classname="br.com.ramiralvesmelo.util.email.EmailUtilTest" time="0.001">
    <system-out><![CDATA[15:53:25.879 [main] WARN br.com.ramiralvesmelo.util.email.EmailUtil -- E-mail inválido, tamanho incorreto: xxxxxxxxxxxxxxxxxxxxxxxxxxxxxxxxxxxxxxxxxxxxxxxxxxxxxxxxxxxxxxxxx@example.com
]]></system-out>
  </testcase>
  <testcase name="invalidDomainTooLong" classname="br.com.ramiralvesmelo.util.email.EmailUtilTest" time="0.001">
    <system-out><![CDATA[15:53:25.881 [main] WARN br.com.ramiralvesmelo.util.email.EmailUtil -- E-mail inválido, tamanho incorreto: user@aaaaaaaaaaaaaaaaaaaaaaaaaaaaaaaaaaaaaaaaaaaaaaaaaaaaaaaaaaaaaaaaaaaaaaaaaaaaaaaaaaaaaaaaaaaaaaaaaaaaaaaaaaaaaaaaaaaaaaaaaaaaaaaaaaaaaaaaaaaaaaaaaaaaaaaaaaaaaaaaaaaaaaaaaaaaaaaaaaaaaaaaaaaaaaaaaaaaaaaaaaaaaaaaaaaaaaaaaaaaaaaaaaaaaaaaaaaaaaaaaaaaaaaaaaaaaa
]]></system-out>
  </testcase>
  <testcase name="invalidEmptyLabel" classname="br.com.ramiralvesmelo.util.email.EmailUtilTest" time="0.001">
    <system-out><![CDATA[15:53:25.882 [main] WARN br.com.ramiralvesmelo.util.email.EmailUtil -- E-mail inválido, contém pontos consecutivos: user@exa..mple.com
]]></system-out>
  </testcase>
  <testcase name="label_too_long" classname="br.com.ramiralvesmelo.util.email.EmailUtilTest" time="0.001">
    <system-out><![CDATA[15:53:25.883 [main] WARN br.com.ramiralvesmelo.util.email.EmailUtil -- Label inválida: aaaaaaaaaaaaaaaaaaaaaaaaaaaaaaaaaaaaaaaaaaaaaaaaaaaaaaaaaaaaaaaa
]]></system-out>
  </testcase>
  <testcase name="should_accept_valid_ascii(String)[1]" classname="br.com.ramiralvesmelo.util.email.EmailUtilTest" time="0.011"/>
  <testcase name="should_accept_valid_ascii(String)[2]" classname="br.com.ramiralvesmelo.util.email.EmailUtilTest" time="0.001"/>
  <testcase name="should_accept_valid_ascii(String)[3]" classname="br.com.ramiralvesmelo.util.email.EmailUtilTest" time="0.0"/>
  <testcase name="should_accept_valid_ascii(String)[4]" classname="br.com.ramiralvesmelo.util.email.EmailUtilTest" time="0.001"/>
  <testcase name="should_accept_valid_ascii(String)[5]" classname="br.com.ramiralvesmelo.util.email.EmailUtilTest" time="0.0"/>
  <testcase name="should_accept_valid_ascii(String)[6]" classname="br.com.ramiralvesmelo.util.email.EmailUtilTest" time="0.0"/>
  <testcase name="should_reject_basic_invalids(String, boolean)[1]" classname="br.com.ramiralvesmelo.util.email.EmailUtilTest" time="0.029">
    <system-out><![CDATA[15:53:26.011 [main] WARN br.com.ramiralvesmelo.util.email.EmailUtil -- E-mail nulo não é válido.
]]></system-out>
  </testcase>
  <testcase name="should_reject_basic_invalids(String, boolean)[2]" classname="br.com.ramiralvesmelo.util.email.EmailUtilTest" time="0.001">
    <system-out><![CDATA[15:53:26.017 [main] WARN br.com.ramiralvesmelo.util.email.EmailUtil -- E-mail vazio não é válido.
]]></system-out>
  </testcase>
  <testcase name="should_reject_basic_invalids(String, boolean)[3]" classname="br.com.ramiralvesmelo.util.email.EmailUtilTest" time="0.0">
    <system-out><![CDATA[15:53:26.018 [main] WARN br.com.ramiralvesmelo.util.email.EmailUtil -- E-mail inválido, problema com '@': no-at-domain
]]></system-out>
  </testcase>
  <testcase name="should_reject_basic_invalids(String, boolean)[4]" classname="br.com.ramiralvesmelo.util.email.EmailUtilTest" time="0.001">
    <system-out><![CDATA[15:53:26.020 [main] WARN br.com.ramiralvesmelo.util.email.EmailUtil -- E-mail inválido, problema com '@': @domain.com
]]></system-out>
  </testcase>
  <testcase name="should_reject_basic_invalids(String, boolean)[5]" classname="br.com.ramiralvesmelo.util.email.EmailUtilTest" time="0.0">
    <system-out><![CDATA[15:53:26.021 [main] WARN br.com.ramiralvesmelo.util.email.EmailUtil -- E-mail inválido, problema com '@': user@
]]></system-out>
  </testcase>
  <testcase name="should_reject_basic_invalids(String, boolean)[6]" classname="br.com.ramiralvesmelo.util.email.EmailUtilTest" time="0.001">
    <system-out><![CDATA[15:53:26.021 [main] WARN br.com.ramiralvesmelo.util.email.EmailUtil -- E-mail inválido, problema com '@': a@@b.com
]]></system-out>
  </testcase>
  <testcase name="should_reject_basic_invalids(String, boolean)[7]" classname="br.com.ramiralvesmelo.util.email.EmailUtilTest" time="0.001">
    <system-out><![CDATA[15:53:26.023 [main] WARN br.com.ramiralvesmelo.util.email.EmailUtil -- E-mail inválido, contém pontos consecutivos: a..b@c.com
]]></system-out>
  </testcase>
  <testcase name="should_reject_basic_invalids(String, boolean)[8]" classname="br.com.ramiralvesmelo.util.email.EmailUtilTest" time="0.001">
    <system-out><![CDATA[15:53:26.024 [main] WARN br.com.ramiralvesmelo.util.email.EmailUtil -- E-mail inválido, contém pontos consecutivos: ab@c..com
]]></system-out>
  </testcase>
  <testcase name="should_reject_basic_invalids(String, boolean)[9]" classname="br.com.ramiralvesmelo.util.email.EmailUtilTest" time="0.0">
    <system-out><![CDATA[15:53:26.025 [main] WARN br.com.ramiralvesmelo.util.email.EmailUtil -- Local-part começa ou termina com caractere inválido: .abc
]]></system-out>
  </testcase>
  <testcase name="should_reject_basic_invalids(String, boolean)[10]" classname="br.com.ramiralvesmelo.util.email.EmailUtilTest" time="0.0">
    <system-out><![CDATA[15:53:26.026 [main] WARN br.com.ramiralvesmelo.util.email.EmailUtil -- Local-part começa ou termina com caractere inválido: abc.
]]></system-out>
  </testcase>
  <testcase name="should_reject_basic_invalids(String, boolean)[11]" classname="br.com.ramiralvesmelo.util.email.EmailUtilTest" time="0.001">
    <system-out><![CDATA[15:53:26.028 [main] WARN br.com.ramiralvesmelo.util.email.EmailUtil -- E-mail inválido, tamanho incorreto: a@b
]]></system-out>
  </testcase>
  <testcase name="should_reject_basic_invalids(String, boolean)[12]" classname="br.com.ramiralvesmelo.util.email.EmailUtilTest" time="0.001">
    <system-out><![CDATA[15:53:26.029 [main] WARN br.com.ramiralvesmelo.util.email.EmailUtil -- Label contém caracteres inválidos: -abc
]]></system-out>
  </testcase>
  <testcase name="should_reject_basic_invalids(String, boolean)[13]" classname="br.com.ramiralvesmelo.util.email.EmailUtilTest" time="0.001">
    <system-out><![CDATA[15:53:26.030 [main] WARN br.com.ramiralvesmelo.util.email.EmailUtil -- Label contém caracteres inválidos: abc-
]]></system-out>
  </testcase>
  <testcase name="should_reject_basic_invalids(String, boolean)[14]" classname="br.com.ramiralvesmelo.util.email.EmailUtilTest" time="0.0">
    <system-out><![CDATA[15:53:26.032 [main] WARN br.com.ramiralvesmelo.util.email.EmailUtil -- TLD inválido: c
]]></system-out>
  </testcase>
  <testcase name="should_reject_basic_invalids(String, boolean)[15]" classname="br.com.ramiralvesmelo.util.email.EmailUtilTest" time="0.001">
    <system-out><![CDATA[15:53:26.033 [main] WARN br.com.ramiralvesmelo.util.email.EmailUtil -- TLD inválido: 123
]]></system-out>
  </testcase>
  <testcase name="should_reject_basic_invalids(String, boolean)[16]" classname="br.com.ramiralvesmelo.util.email.EmailUtilTest" time="0.001">
    <system-out><![CDATA[15:53:26.034 [main] WARN br.com.ramiralvesmelo.util.email.EmailUtil -- Local-part inválida: 'a
]]></system-out>
  </testcase>
  <testcase name="invalidDomainTooShort" classname="br.com.ramiralvesmelo.util.email.EmailUtilTest" time="0.0">
    <system-out><![CDATA[15:53:26.035 [main] WARN br.com.ramiralvesmelo.util.email.EmailUtil -- E-mail inválido, tamanho incorreto: user@a
]]></system-out>
  </testcase>
  <testcase name="idn_invalid_label" classname="br.com.ramiralvesmelo.util.email.EmailUtilTest" time="0.0">
    <system-out><![CDATA[15:53:26.036 [main] WARN br.com.ramiralvesmelo.util.email.EmailUtil -- E-mail inválido, contém pontos consecutivos: user@ex..emplo.com
]]></system-out>
  </testcase>
</testsuite>