<?xml version="1.0" encoding="UTF-8"?>
<testsuite xmlns:xsi="http://www.w3.org/2001/XMLSchema-instance" xsi:noNamespaceSchemaLocation="https://maven.apache.org/surefire/maven-surefire-plugin/xsd/surefire-test-report.xsd" version="3.0.2" name="br.com.ramiralvesmelo.util.number.OrderNumberUtilTest" time="0.084" tests="2" errors="0" skipped="0" failures="0">
  <properties>
[...]
</properties>
  <testcase name="formatIsCorrect" classname="br.com.ramiralvesmelo.util.number.OrderNumberUtilTest" time="0.07"/>
  <testcase name="shouldBeUnique" classname="br.com.ramiralvesmelo.util.number.OrderNumberUtilTest" time="0.011"/>
</testsuite>